<?xml version="1.0" encoding="UTF-8"?>
<testng-results ignored="0" total="2" passed="2" failed="0" skipped="0">
  <reporter-output>
  </reporter-output>
  <suite started-at="2022-12-20T16:05:31 CET" name="Default suite" finished-at="2022-12-20T16:06:07 CET" duration-ms="35458">
    <groups>
      <group name="cucumber">
        <method signature="AbstractTestNGCucumberTests.runScenario(io.cucumber.testng.PickleWrapper,io.cucumber.testng.FeatureWrapper)[pri:0, instance:TestRunner@53aac487]" name="runScenario" class="io.cucumber.testng.AbstractTestNGCucumberTests"/>
      </group> <!-- cucumber -->
    </groups>
    <test started-at="2022-12-20T16:05:31 CET" name="Default test" finished-at="2022-12-20T16:06:07 CET" duration-ms="35458">
      <class name="TestRunner">
        <test-method is-config="true" signature="setUpClass(org.testng.ITestContext)[pri:0, instance:TestRunner@53aac487]" started-at="2022-12-20T16:05:31 CET" name="setUpClass" finished-at="2022-12-20T16:05:32 CET" duration-ms="567" status="PASS">
          <params>
            <param index="0">
              <value>
                <![CDATA[org.testng.TestRunner@7b5b5bfe]]>
              </value>
            </param>
          </params>
          <reporter-output>
          </reporter-output>
        </test-method> <!-- setUpClass -->
        <test-method signature="runScenario(io.cucumber.testng.PickleWrapper,io.cucumber.testng.FeatureWrapper)[pri:0, instance:TestRunner@53aac487]" started-at="2022-12-20T16:05:32 CET" name="runScenario" description="Runs Cucumber Scenarios" data-provider="scenarios" finished-at="2022-12-20T16:05:50 CET" duration-ms="17900" status="PASS">
          <params>
            <param index="0">
              <value>
                <![CDATA["Crear un nou compte"]]>
              </value>
            </param>
            <param index="1">
              <value>
                <![CDATA["Optional[Registre]"]]>
              </value>
            </param>
          </params>
          <reporter-output>
          </reporter-output>
        </test-method> <!-- runScenario -->
        <test-method signature="runScenario(io.cucumber.testng.PickleWrapper,io.cucumber.testng.FeatureWrapper)[pri:0, instance:TestRunner@53aac487]" started-at="2022-12-20T16:05:50 CET" name="runScenario" description="Runs Cucumber Scenarios" data-provider="scenarios" finished-at="2022-12-20T16:06:07 CET" duration-ms="16908" status="PASS">
          <params>
            <param index="0">
              <value>
                <![CDATA["Esborrar compte"]]>
              </value>
            </param>
            <param index="1">
              <value>
                <![CDATA["Optional[Registre]"]]>
              </value>
            </param>
          </params>
          <reporter-output>
          </reporter-output>
        </test-method> <!-- runScenario -->
        <test-method is-config="true" signature="tearDownClass()[pri:0, instance:TestRunner@53aac487]" started-at="2022-12-20T16:06:07 CET" name="tearDownClass" finished-at="2022-12-20T16:06:07 CET" duration-ms="14" status="PASS">
          <reporter-output>
          </reporter-output>
        </test-method> <!-- tearDownClass -->
      </class> <!-- TestRunner -->
    </test> <!-- Default test -->
  </suite> <!-- Default suite -->
</testng-results>
